01:32:59 **** Incremental Build of configuration Debug for project on_demand_traffic_lights ****
make all 
Building file: ../application/app.c
Invoking: AVR Compiler
avr-gcc -Wall -g2 -gstabs -O0 -fpack-struct -fshort-enums -ffunction-sections -fdata-sections -std=gnu99 -funsigned-char -funsigned-bitfields -mmcu=atmega32 -DF_CPU=1000000UL -MMD -MP -MF"application/app.d" -MT"application/app.o" -c -o "application/app.o" "../application/app.c"
In file included from ../application/app.c:3:
c:/winavr-20100110/lib/gcc/../../avr/include/util/delay.h:90:3: warning: #warning "Compiler optimizations disabled; functions from <util/delay.h> won't work as designed"
../application/app.c:4:24: error: ./MCAL/gpio.h: No such file or directory
../application/app.c:5:25: error: ./MCAL/timer.h: No such file or directory
../application/app.c:6:35: error: ./Utilities/std_types.h: No such file or directory
../application/app.c:7:39: error: ./Utilities/common_macros.h: No such file or directory
../application/app.c:8:22: error: ./HAL/led.h: No such file or directory
../application/app.c:9:30: error: ./HAL/push_button.h: No such file or directory
../application/app.c:10:29: error: ./Utilities/INT0.h: No such file or directory
../application/app.c:20: error: expected '=', ',', ';', 'asm' or '__attribute__' before 'i'
../application/app.c:21: error: expected '=', ',', ';', 'asm' or '__attribute__' before 'g_flag'
../application/app.c:22: error: expected '=', ',', ';', 'asm' or '__attribute__' before 'g_Timer_ticks'
../application/app.c: In function 'main':
../application/app.c:28: error: 'Timer1_ConfigType' undeclared (first use in this function)
../application/app.c:28: error: (Each undeclared identifier is reported only once
../application/app.c:28: error: for each function it appears in.)
../application/app.c:28: error: expected ';' before 'TIMER_Configs'
../application/app.c:29: warning: implicit declaration of function 'Timer1_init'
../application/app.c:29: error: 'TIMER_Configs' undeclared (first use in this function)
../application/app.c:33: warning: implicit declaration of function 'LED_init'
../application/app.c:33: error: 'PORTB_ID' undeclared (first use in this function)
../application/app.c:33: error: 'PIN0_ID' undeclared (first use in this function)
../application/app.c:34: error: 'PIN1_ID' undeclared (first use in this function)
../application/app.c:35: error: 'PIN2_ID' undeclared (first use in this function)
../application/app.c:37: error: 'PORTA_ID' undeclared (first use in this function)
../application/app.c:41: warning: implicit declaration of function 'BUTTON_init'
../application/app.c:41: error: 'PORTD_ID' undeclared (first use in this function)
../application/app.c:44: warning: implicit declaration of function 'INT0_init'
../application/app.c:54: warning: implicit declaration of function 'INT0_setCallBack'
../application/app.c:59: error: 'g_Timer_ticks' undeclared (first use in this function)
../application/app.c:60: warning: implicit declaration of function 'LED_on'
../application/app.c:62: warning: implicit declaration of function 'Timer1_setCallBack'
../application/app.c:64: warning: implicit declaration of function 'LED_off'
../application/app.c:69: error: 'i' undeclared (first use in this function)
../application/app.c:71: warning: implicit declaration of function 'TOGGLE_BIT'
../application/app.c: In function 'INT0_ISR_calledback':
../application/app.c:120: error: 'PORTB_ID' undeclared (first use in this function)
../application/app.c:120: error: 'PIN2_ID' undeclared (first use in this function)
../application/app.c:121: error: 'PORTA_ID' undeclared (first use in this function)
../application/app.c:121: error: 'PIN0_ID' undeclared (first use in this function)
../application/app.c:124: error: 'PIN1_ID' undeclared (first use in this function)
../application/app.c:132: error: 'i' undeclared (first use in this function)
../application/app.c:145: error: 'g_Timer_ticks' undeclared (first use in this function)
../application/app.c: In function 'TIMER_ISR_COUNTER':
../application/app.c:188: error: 'g_Timer_ticks' undeclared (first use in this function)
make: *** [application/app.o] Error 1
"make all" terminated with exit code 2. Build might be incomplete.
01:36:48 **** Incremental Build of configuration Debug for project on_demand_traffic_lights ****
make all 
Building file: ../application/app.c
Invoking: AVR Compiler
avr-gcc -Wall -g2 -gstabs -O0 -fpack-struct -fshort-enums -ffunction-sections -fdata-sections -std=gnu99 -funsigned-char -funsigned-bitfields -mmcu=atmega32 -DF_CPU=1000000UL -MMD -MP -MF"application/app.d" -MT"application/app.o" -c -o "application/app.o" "../application/app.c"
In file included from ../application/app.c:3:
c:/winavr-20100110/lib/gcc/../../avr/include/util/delay.h:90:3: warning: #warning "Compiler optimizations disabled; functions from <util/delay.h> won't work as designed"
In file included from ../application/app.c:4:
../application/../MCAL/gpio.h:16:33: error: Utilities/std_types.h: No such file or directory
In file included from ../application/app.c:4:
../application/../MCAL/gpio.h:60: error: expected ')' before 'port_num'
../application/../MCAL/gpio.h:68: error: expected ')' before 'port_num'
../application/../MCAL/gpio.h:75: error: expected '=', ',', ';', 'asm' or '__attribute__' before 'GPIO_readPin'
../application/../MCAL/gpio.h:84: error: expected ')' before 'port_num'
../application/../MCAL/gpio.h:93: error: expected ')' before 'port_num'
../application/../MCAL/gpio.h:100: error: expected '=', ',', ';', 'asm' or '__attribute__' before 'GPIO_readPort'
In file included from ../application/app.c:5:
../application/../MCAL/timer.h:39: error: expected specifier-qualifier-list before 'uint16'
In file included from ../application/app.c:8:
../application/../HAL/led.h:10:22: error: MCAL/gpio.h: No such file or directory
../application/app.c: In function 'main':
../application/app.c:28: warning: excess elements in struct initializer
../application/app.c:28: warning: (near initialization for 'TIMER_Configs')
../application/app.c:28: warning: excess elements in struct initializer
../application/app.c:28: warning: (near initialization for 'TIMER_Configs')
../application/app.c:28: warning: excess elements in struct initializer
../application/app.c:28: warning: (near initialization for 'TIMER_Configs')
../application/app.c:28: warning: excess elements in struct initializer
../application/app.c:28: warning: (near initialization for 'TIMER_Configs')
make: *** [application/app.o] Error 1
"make all" terminated with exit code 2. Build might be incomplete.
01:38:47 **** Incremental Build of configuration Debug for project on_demand_traffic_lights ****
make all 
Building file: ../application/app.c
Invoking: AVR Compiler
avr-gcc -Wall -g2 -gstabs -O0 -fpack-struct -fshort-enums -ffunction-sections -fdata-sections -std=gnu99 -funsigned-char -funsigned-bitfields -mmcu=atmega32 -DF_CPU=1000000UL -MMD -MP -MF"application/app.d" -MT"application/app.o" -c -o "application/app.o" "../application/app.c"
In file included from ../application/app.c:3:
c:/winavr-20100110/lib/gcc/../../avr/include/util/delay.h:90:3: warning: #warning "Compiler optimizations disabled; functions from <util/delay.h> won't work as designed"
In file included from ../application/app.c:9:
../application/../HAL/push_button.h:11:22: error: MCAL/gpio.h: No such file or directory
In file included from ../application/app.c:10:
../application/../Utilities/INT0.h:11:33: error: Utilities/std_types.h: No such file or directory
make: *** [application/app.o] Error 1
"make all" terminated with exit code 2. Build might be incomplete.
01:39:06 **** Incremental Build of configuration Debug for project on_demand_traffic_lights ****
make all 
Building file: ../application/app.c
Invoking: AVR Compiler
avr-gcc -Wall -g2 -gstabs -O0 -fpack-struct -fshort-enums -ffunction-sections -fdata-sections -std=gnu99 -funsigned-char -funsigned-bitfields -mmcu=atmega32 -DF_CPU=1000000UL -MMD -MP -MF"application/app.d" -MT"application/app.o" -c -o "application/app.o" "../application/app.c"
In file included from ../application/app.c:3:
c:/winavr-20100110/lib/gcc/../../avr/include/util/delay.h:90:3: warning: #warning "Compiler optimizations disabled; functions from <util/delay.h> won't work as designed"
Finished building: ../application/app.c
 
Building file: ../Utilities/INT0.c
Invoking: AVR Compiler
avr-gcc -Wall -g2 -gstabs -O0 -fpack-struct -fshort-enums -ffunction-sections -fdata-sections -std=gnu99 -funsigned-char -funsigned-bitfields -mmcu=atmega32 -DF_CPU=1000000UL -MMD -MP -MF"Utilities/INT0.d" -MT"Utilities/INT0.o" -c -o "Utilities/INT0.o" "../Utilities/INT0.c"
../Utilities/INT0.c:3:27: error: Utilities/INT0.h: No such file or directory
../Utilities/INT0.c:4:37: error: Utilities/common_macros.h: No such file or directory
../Utilities/INT0.c:5:33: error: Utilities/std_types.h: No such file or directory
../Utilities/INT0.c:12: error: 'NULL_PTR' undeclared here (not in a function)
../Utilities/INT0.c: In function 'INT0_setCallBack':
../Utilities/INT0.c:44: warning: function return types not compatible due to 'volatile'
make: *** [Utilities/INT0.o] Error 1
"make all" terminated with exit code 2. Build might be incomplete.
01:39:25 **** Incremental Build of configuration Debug for project on_demand_traffic_lights ****
make all 
Building file: ../Utilities/INT0.c
Invoking: AVR Compiler
avr-gcc -Wall -g2 -gstabs -O0 -fpack-struct -fshort-enums -ffunction-sections -fdata-sections -std=gnu99 -funsigned-char -funsigned-bitfields -mmcu=atmega32 -DF_CPU=1000000UL -MMD -MP -MF"Utilities/INT0.d" -MT"Utilities/INT0.o" -c -o "Utilities/INT0.o" "../Utilities/INT0.c"
../Utilities/INT0.c: In function 'INT0_setCallBack':
../Utilities/INT0.c:44: warning: function return types not compatible due to 'volatile'
Finished building: ../Utilities/INT0.c
 
Building file: ../MCAL/gpio.c
Invoking: AVR Compiler
avr-gcc -Wall -g2 -gstabs -O0 -fpack-struct -fshort-enums -ffunction-sections -fdata-sections -std=gnu99 -funsigned-char -funsigned-bitfields -mmcu=atmega32 -DF_CPU=1000000UL -MMD -MP -MF"MCAL/gpio.d" -MT"MCAL/gpio.o" -c -o "MCAL/gpio.o" "../MCAL/gpio.c"
../MCAL/gpio.c:14:64: error: common_macros.h: No such file or directory
../MCAL/gpio.c: In function 'GPIO_setupPinDirection':
../MCAL/gpio.c:41: warning: implicit declaration of function 'SET_BIT'
../MCAL/gpio.c:45: warning: implicit declaration of function 'CLEAR_BIT'
../MCAL/gpio.c: In function 'GPIO_readPin':
../MCAL/gpio.c:172: warning: implicit declaration of function 'BIT_IS_SET'
make: *** [MCAL/gpio.o] Error 1
"make all" terminated with exit code 2. Build might be incomplete.
01:41:10 **** Incremental Build of configuration Debug for project on_demand_traffic_lights ****
make all 
Building file: ../MCAL/gpio.c
Invoking: AVR Compiler
avr-gcc -Wall -g2 -gstabs -O0 -fpack-struct -fshort-enums -ffunction-sections -fdata-sections -std=gnu99 -funsigned-char -funsigned-bitfields -mmcu=atmega32 -DF_CPU=1000000UL -MMD -MP -MF"MCAL/gpio.d" -MT"MCAL/gpio.o" -c -o "MCAL/gpio.o" "../MCAL/gpio.c"
Finished building: ../MCAL/gpio.c
 
Building file: ../MCAL/timer.c
Invoking: AVR Compiler
avr-gcc -Wall -g2 -gstabs -O0 -fpack-struct -fshort-enums -ffunction-sections -fdata-sections -std=gnu99 -funsigned-char -funsigned-bitfields -mmcu=atmega32 -DF_CPU=1000000UL -MMD -MP -MF"MCAL/timer.d" -MT"MCAL/timer.o" -c -o "MCAL/timer.o" "../MCAL/timer.c"
../MCAL/timer.c:3:37: error: Utilities/common_macros.h: No such file or directory
../MCAL/timer.c:4:24: error: MCAL/timer.h: No such file or directory
../MCAL/timer.c:12: error: 'NULL_PTR' undeclared here (not in a function)
../MCAL/timer.c:44: warning: type defaults to 'int' in declaration of 'Timer1_ConfigType'
../MCAL/timer.c:44: error: expected ';', ',' or ')' before '*' token
../MCAL/timer.c: In function 'Timer1_setCallBack':
../MCAL/timer.c:77: warning: function return types not compatible due to 'volatile'
make: *** [MCAL/timer.o] Error 1
"make all" terminated with exit code 2. Build might be incomplete.
01:41:35 **** Incremental Build of configuration Debug for project on_demand_traffic_lights ****
make all 
Building file: ../MCAL/timer.c
Invoking: AVR Compiler
avr-gcc -Wall -g2 -gstabs -O0 -fpack-struct -fshort-enums -ffunction-sections -fdata-sections -std=gnu99 -funsigned-char -funsigned-bitfields -mmcu=atmega32 -DF_CPU=1000000UL -MMD -MP -MF"MCAL/timer.d" -MT"MCAL/timer.o" -c -o "MCAL/timer.o" "../MCAL/timer.c"
../MCAL/timer.c: In function 'Timer1_setCallBack':
../MCAL/timer.c:77: warning: function return types not compatible due to 'volatile'
Finished building: ../MCAL/timer.c
 
Building file: ../HAL/led.c
Invoking: AVR Compiler
avr-gcc -Wall -g2 -gstabs -O0 -fpack-struct -fshort-enums -ffunction-sections -fdata-sections -std=gnu99 -funsigned-char -funsigned-bitfields -mmcu=atmega32 -DF_CPU=1000000UL -MMD -MP -MF"HAL/led.d" -MT"HAL/led.o" -c -o "HAL/led.o" "../HAL/led.c"
In file included from ../HAL/led.c:1:
c:/winavr-20100110/lib/gcc/../../avr/include/util/delay.h:90:3: warning: #warning "Compiler optimizations disabled; functions from <util/delay.h> won't work as designed"
Finished building: ../HAL/led.c
 
Building file: ../HAL/push_button.c
Invoking: AVR Compiler
avr-gcc -Wall -g2 -gstabs -O0 -fpack-struct -fshort-enums -ffunction-sections -fdata-sections -std=gnu99 -funsigned-char -funsigned-bitfields -mmcu=atmega32 -DF_CPU=1000000UL -MMD -MP -MF"HAL/push_button.d" -MT"HAL/push_button.o" -c -o "HAL/push_button.o" "../HAL/push_button.c"
In file included from ../HAL/push_button.c:1:
c:/winavr-20100110/lib/gcc/../../avr/include/util/delay.h:90:3: warning: #warning "Compiler optimizations disabled; functions from <util/delay.h> won't work as designed"
../HAL/push_button.c:2:28: error: HAL/push_button.h: No such file or directory
../HAL/push_button.c:4: error: expected ')' before 'port_num'
make: *** [HAL/push_button.o] Error 1
"make all" terminated with exit code 2. Build might be incomplete.
01:41:50 **** Incremental Build of configuration Debug for project on_demand_traffic_lights ****
make all 
Building file: ../application/app.c
Invoking: AVR Compiler
avr-gcc -Wall -g2 -gstabs -O0 -fpack-struct -fshort-enums -ffunction-sections -fdata-sections -std=gnu99 -funsigned-char -funsigned-bitfields -mmcu=atmega32 -DF_CPU=1000000UL -MMD -MP -MF"application/app.d" -MT"application/app.o" -c -o "application/app.o" "../application/app.c"
In file included from ../application/app.c:3:
c:/winavr-20100110/lib/gcc/../../avr/include/util/delay.h:90:3: warning: #warning "Compiler optimizations disabled; functions from <util/delay.h> won't work as designed"
Finished building: ../application/app.c
 
Building file: ../HAL/push_button.c
Invoking: AVR Compiler
avr-gcc -Wall -g2 -gstabs -O0 -fpack-struct -fshort-enums -ffunction-sections -fdata-sections -std=gnu99 -funsigned-char -funsigned-bitfields -mmcu=atmega32 -DF_CPU=1000000UL -MMD -MP -MF"HAL/push_button.d" -MT"HAL/push_button.o" -c -o "HAL/push_button.o" "../HAL/push_button.c"
In file included from ../HAL/push_button.c:1:
c:/winavr-20100110/lib/gcc/../../avr/include/util/delay.h:90:3: warning: #warning "Compiler optimizations disabled; functions from <util/delay.h> won't work as designed"
../HAL/push_button.c:2:28: error: HAL/push_button.h: No such file or directory
../HAL/push_button.c:4: error: expected ')' before 'port_num'
make: *** [HAL/push_button.o] Error 1
"make all" terminated with exit code 2. Build might be incomplete.
01:42:02 **** Incremental Build of configuration Debug for project on_demand_traffic_lights ****
make all 
Building file: ../HAL/push_button.c
Invoking: AVR Compiler
avr-gcc -Wall -g2 -gstabs -O0 -fpack-struct -fshort-enums -ffunction-sections -fdata-sections -std=gnu99 -funsigned-char -funsigned-bitfields -mmcu=atmega32 -DF_CPU=1000000UL -MMD -MP -MF"HAL/push_button.d" -MT"HAL/push_button.o" -c -o "HAL/push_button.o" "../HAL/push_button.c"
In file included from ../HAL/push_button.c:1:
c:/winavr-20100110/lib/gcc/../../avr/include/util/delay.h:90:3: warning: #warning "Compiler optimizations disabled; functions from <util/delay.h> won't work as designed"
Finished building: ../HAL/push_button.c
 
Building file: ../main.c
Invoking: AVR Compiler
avr-gcc -Wall -g2 -gstabs -O0 -fpack-struct -fshort-enums -ffunction-sections -fdata-sections -std=gnu99 -funsigned-char -funsigned-bitfields -mmcu=atmega32 -DF_CPU=1000000UL -MMD -MP -MF"main.d" -MT"main.o" -c -o "main.o" "../main.c"
Finished building: ../main.c
 
Building target: on_demand_traffic_lights.elf
Invoking: AVR C Linker
avr-gcc -Wl,-Map,on_demand_traffic_lights.map -mmcu=atmega32 -o "on_demand_traffic_lights.elf"  ./application/app.o  ./Utilities/INT0.o  ./MCAL/gpio.o ./MCAL/timer.o  ./HAL/led.o ./HAL/push_button.o  ./main.o   
Finished building target: on_demand_traffic_lights.elf
 
Invoking: AVR Create Extended Listing
avr-objdump -h -S on_demand_traffic_lights.elf  >"on_demand_traffic_lights.lss"
Finished building: on_demand_traffic_lights.lss
 
Create Flash image (ihex format)
avr-objcopy -R .eeprom -R .fuse -R .lock -R .signature -O ihex on_demand_traffic_lights.elf  "on_demand_traffic_lights.hex"
Finished building: on_demand_traffic_lights.hex
 
Invoking: Print Size
avr-size --format=avr --mcu=atmega32 on_demand_traffic_lights.elf
AVR Memory Usage
----------------
Device: atmega32

Program:    7496 bytes (22.9% Full)
(.text + .data + .bootloader)

Data:         22 bytes (1.1% Full)
(.data + .bss + .noinit)


Finished building: sizedummy
 
02:24:57 **** Incremental Build of configuration Debug for project on_demand_traffic_lights ****
make all 
Building file: ../application/app.c
Invoking: AVR Compiler
avr-gcc -Wall -g2 -gstabs -O0 -fpack-struct -fshort-enums -ffunction-sections -fdata-sections -std=gnu99 -funsigned-char -funsigned-bitfields -mmcu=atmega32 -DF_CPU=1000000UL -MMD -MP -MF"application/app.d" -MT"application/app.o" -c -o "application/app.o" "../application/app.c"
In file included from ../application/../application/app.h:12,
                 from ../application/app.c:1:
c:/winavr-20100110/lib/gcc/../../avr/include/util/delay.h:90:3: warning: #warning "Compiler optimizations disabled; functions from <util/delay.h> won't work as designed"
Finished building: ../application/app.c
 
Building file: ../HAL/led.c
Invoking: AVR Compiler
avr-gcc -Wall -g2 -gstabs -O0 -fpack-struct -fshort-enums -ffunction-sections -fdata-sections -std=gnu99 -funsigned-char -funsigned-bitfields -mmcu=atmega32 -DF_CPU=1000000UL -MMD -MP -MF"HAL/led.d" -MT"HAL/led.o" -c -o "HAL/led.o" "../HAL/led.c"
In file included from ../HAL/led.c:1:
c:/winavr-20100110/lib/gcc/../../avr/include/util/delay.h:90:3: warning: #warning "Compiler optimizations disabled; functions from <util/delay.h> won't work as designed"
../HAL/led.c: In function 'LED_init':
../HAL/led.c:14: warning: unused variable 'led_state'
../HAL/led.c: In function 'LED_on':
../HAL/led.c:31: warning: unused variable 'led_state'
../HAL/led.c: In function 'LED_off':
../HAL/led.c:49: warning: unused variable 'led_state'
Finished building: ../HAL/led.c
 
Building file: ../main.c
Invoking: AVR Compiler
avr-gcc -Wall -g2 -gstabs -O0 -fpack-struct -fshort-enums -ffunction-sections -fdata-sections -std=gnu99 -funsigned-char -funsigned-bitfields -mmcu=atmega32 -DF_CPU=1000000UL -MMD -MP -MF"main.d" -MT"main.o" -c -o "main.o" "../main.c"
../main.c:1:32: error: ../application/app.h: No such file or directory
../main.c: In function 'main':
../main.c:5: warning: implicit declaration of function 'app_start'
make: *** [main.o] Error 1
"make all" terminated with exit code 2. Build might be incomplete.
02:25:05 **** Incremental Build of configuration Debug for project on_demand_traffic_lights ****
make all 
Building file: ../application/app.c
Invoking: AVR Compiler
avr-gcc -Wall -g2 -gstabs -O0 -fpack-struct -fshort-enums -ffunction-sections -fdata-sections -std=gnu99 -funsigned-char -funsigned-bitfields -mmcu=atmega32 -DF_CPU=1000000UL -MMD -MP -MF"application/app.d" -MT"application/app.o" -c -o "application/app.o" "../application/app.c"
In file included from ../application/../application/app.h:12,
                 from ../application/app.c:1:
c:/winavr-20100110/lib/gcc/../../avr/include/util/delay.h:90:3: warning: #warning "Compiler optimizations disabled; functions from <util/delay.h> won't work as designed"
Finished building: ../application/app.c
 
Building file: ../main.c
Invoking: AVR Compiler
avr-gcc -Wall -g2 -gstabs -O0 -fpack-struct -fshort-enums -ffunction-sections -fdata-sections -std=gnu99 -funsigned-char -funsigned-bitfields -mmcu=atmega32 -DF_CPU=1000000UL -MMD -MP -MF"main.d" -MT"main.o" -c -o "main.o" "../main.c"
../main.c:1:32: error: ../application/app.h: No such file or directory
../main.c: In function 'main':
../main.c:5: warning: implicit declaration of function 'app_start'
make: *** [main.o] Error 1
"make all" terminated with exit code 2. Build might be incomplete.
02:25:47 **** Incremental Build of configuration Debug for project on_demand_traffic_lights ****
make all 
Building file: ../main.c
Invoking: AVR Compiler
avr-gcc -Wall -g2 -gstabs -O0 -fpack-struct -fshort-enums -ffunction-sections -fdata-sections -std=gnu99 -funsigned-char -funsigned-bitfields -mmcu=atmega32 -DF_CPU=1000000UL -MMD -MP -MF"main.d" -MT"main.o" -c -o "main.o" "../main.c"
../main.c:1:32: error: ../application/app.h: No such file or directory
../main.c: In function 'main':
../main.c:4: warning: implicit declaration of function 'app_start'
make: *** [main.o] Error 1
"make all" terminated with exit code 2. Build might be incomplete.
02:26:25 **** Incremental Build of configuration Debug for project on_demand_traffic_lights ****
make all 
Building file: ../application/app.c
Invoking: AVR Compiler
avr-gcc -Wall -g2 -gstabs -O0 -fpack-struct -fshort-enums -ffunction-sections -fdata-sections -std=gnu99 -funsigned-char -funsigned-bitfields -mmcu=atmega32 -DF_CPU=1000000UL -MMD -MP -MF"application/app.d" -MT"application/app.o" -c -o "application/app.o" "../application/app.c"
In file included from ../application/../application/app.h:12,
                 from ../application/app.c:1:
c:/winavr-20100110/lib/gcc/../../avr/include/util/delay.h:90:3: warning: #warning "Compiler optimizations disabled; functions from <util/delay.h> won't work as designed"
Finished building: ../application/app.c
 
Building file: ../application/main.c
Invoking: AVR Compiler
avr-gcc -Wall -g2 -gstabs -O0 -fpack-struct -fshort-enums -ffunction-sections -fdata-sections -std=gnu99 -funsigned-char -funsigned-bitfields -mmcu=atmega32 -DF_CPU=1000000UL -MMD -MP -MF"application/main.d" -MT"application/main.o" -c -o "application/main.o" "../application/main.c"
In file included from ../application/../application/app.h:12,
                 from ../application/main.c:1:
c:/winavr-20100110/lib/gcc/../../avr/include/util/delay.h:90:3: warning: #warning "Compiler optimizations disabled; functions from <util/delay.h> won't work as designed"
Finished building: ../application/main.c
 
Building target: on_demand_traffic_lights.elf
Invoking: AVR C Linker
avr-gcc -Wl,-Map,on_demand_traffic_lights.map -mmcu=atmega32 -o "on_demand_traffic_lights.elf"  ./application/app.o ./application/main.o  ./Utilities/INT0.o  ./MCAL/gpio.o ./MCAL/timer.o  ./HAL/led.o ./HAL/push_button.o   
Finished building target: on_demand_traffic_lights.elf
 
Invoking: AVR Create Extended Listing
avr-objdump -h -S on_demand_traffic_lights.elf  >"on_demand_traffic_lights.lss"
Finished building: on_demand_traffic_lights.lss
 
Create Flash image (ihex format)
avr-objcopy -R .eeprom -R .fuse -R .lock -R .signature -O ihex on_demand_traffic_lights.elf  "on_demand_traffic_lights.hex"
Finished building: on_demand_traffic_lights.hex
 
Invoking: Print Size
avr-size --format=avr --mcu=atmega32 on_demand_traffic_lights.elf
AVR Memory Usage
----------------
Device: atmega32

Program:    7608 bytes (23.2% Full)
(.text + .data + .bootloader)

Data:         22 bytes (1.1% Full)
(.data + .bss + .noinit)


Finished building: sizedummy
 
02:37:08 **** Incremental Build of configuration Debug for project on_demand_traffic_lights ****
make all 
Building file: ../application/app.c
Invoking: AVR Compiler
avr-gcc -Wall -g2 -gstabs -O0 -fpack-struct -fshort-enums -ffunction-sections -fdata-sections -std=gnu99 -funsigned-char -funsigned-bitfields -mmcu=atmega32 -DF_CPU=1000000UL -MMD -MP -MF"application/app.d" -MT"application/app.o" -c -o "application/app.o" "../application/app.c"
In file included from ../application/../application/app.h:12,
                 from ../application/app.c:1:
c:/winavr-20100110/lib/gcc/../../avr/include/util/delay.h:90:3: warning: #warning "Compiler optimizations disabled; functions from <util/delay.h> won't work as designed"
Finished building: ../application/app.c
 
Building target: on_demand_traffic_lights.elf
Invoking: AVR C Linker
avr-gcc -Wl,-Map,on_demand_traffic_lights.map -mmcu=atmega32 -o "on_demand_traffic_lights.elf"  ./application/app.o ./application/main.o  ./Utilities/INT0.o  ./MCAL/gpio.o ./MCAL/timer.o  ./HAL/led.o ./HAL/push_button.o   
Finished building target: on_demand_traffic_lights.elf
 
Invoking: AVR Create Extended Listing
avr-objdump -h -S on_demand_traffic_lights.elf  >"on_demand_traffic_lights.lss"
Finished building: on_demand_traffic_lights.lss
 
Create Flash image (ihex format)
avr-objcopy -R .eeprom -R .fuse -R .lock -R .signature -O ihex on_demand_traffic_lights.elf  "on_demand_traffic_lights.hex"
Finished building: on_demand_traffic_lights.hex
 
Invoking: Print Size
avr-size --format=avr --mcu=atmega32 on_demand_traffic_lights.elf
AVR Memory Usage
----------------
Device: atmega32

Program:    7352 bytes (22.4% Full)
(.text + .data + .bootloader)

Data:         22 bytes (1.1% Full)
(.data + .bss + .noinit)


Finished building: sizedummy
 
02:40:04 **** Incremental Build of configuration Debug for project on_demand_traffic_lights ****
make all 
Building file: ../application/app.c
Invoking: AVR Compiler
avr-gcc -Wall -g2 -gstabs -O0 -fpack-struct -fshort-enums -ffunction-sections -fdata-sections -std=gnu99 -funsigned-char -funsigned-bitfields -mmcu=atmega32 -DF_CPU=1000000UL -MMD -MP -MF"application/app.d" -MT"application/app.o" -c -o "application/app.o" "../application/app.c"
In file included from ../application/../application/app.h:12,
                 from ../application/app.c:1:
c:/winavr-20100110/lib/gcc/../../avr/include/util/delay.h:90:3: warning: #warning "Compiler optimizations disabled; functions from <util/delay.h> won't work as designed"
Finished building: ../application/app.c
 
Building target: on_demand_traffic_lights.elf
Invoking: AVR C Linker
avr-gcc -Wl,-Map,on_demand_traffic_lights.map -mmcu=atmega32 -o "on_demand_traffic_lights.elf"  ./application/app.o ./application/main.o  ./Utilities/INT0.o  ./MCAL/gpio.o ./MCAL/timer.o  ./HAL/led.o ./HAL/push_button.o   
Finished building target: on_demand_traffic_lights.elf
 
Invoking: AVR Create Extended Listing
avr-objdump -h -S on_demand_traffic_lights.elf  >"on_demand_traffic_lights.lss"
Finished building: on_demand_traffic_lights.lss
 
Create Flash image (ihex format)
avr-objcopy -R .eeprom -R .fuse -R .lock -R .signature -O ihex on_demand_traffic_lights.elf  "on_demand_traffic_lights.hex"
Finished building: on_demand_traffic_lights.hex
 
Invoking: Print Size
avr-size --format=avr --mcu=atmega32 on_demand_traffic_lights.elf
AVR Memory Usage
----------------
Device: atmega32

Program:    7368 bytes (22.5% Full)
(.text + .data + .bootloader)

Data:         22 bytes (1.1% Full)
(.data + .bss + .noinit)


Finished building: sizedummy
 
02:41:38 **** Incremental Build of configuration Debug for project on_demand_traffic_lights ****
make all 
Building file: ../application/app.c
Invoking: AVR Compiler
avr-gcc -Wall -g2 -gstabs -O0 -fpack-struct -fshort-enums -ffunction-sections -fdata-sections -std=gnu99 -funsigned-char -funsigned-bitfields -mmcu=atmega32 -DF_CPU=1000000UL -MMD -MP -MF"application/app.d" -MT"application/app.o" -c -o "application/app.o" "../application/app.c"
In file included from ../application/../application/app.h:12,
                 from ../application/app.c:1:
c:/winavr-20100110/lib/gcc/../../avr/include/util/delay.h:90:3: warning: #warning "Compiler optimizations disabled; functions from <util/delay.h> won't work as designed"
Finished building: ../application/app.c
 
Building target: on_demand_traffic_lights.elf
Invoking: AVR C Linker
avr-gcc -Wl,-Map,on_demand_traffic_lights.map -mmcu=atmega32 -o "on_demand_traffic_lights.elf"  ./application/app.o ./application/main.o  ./Utilities/INT0.o  ./MCAL/gpio.o ./MCAL/timer.o  ./HAL/led.o ./HAL/push_button.o   
Finished building target: on_demand_traffic_lights.elf
 
Invoking: AVR Create Extended Listing
avr-objdump -h -S on_demand_traffic_lights.elf  >"on_demand_traffic_lights.lss"
Finished building: on_demand_traffic_lights.lss
 
Create Flash image (ihex format)
avr-objcopy -R .eeprom -R .fuse -R .lock -R .signature -O ihex on_demand_traffic_lights.elf  "on_demand_traffic_lights.hex"
Finished building: on_demand_traffic_lights.hex
 
Invoking: Print Size
avr-size --format=avr --mcu=atmega32 on_demand_traffic_lights.elf
AVR Memory Usage
----------------
Device: atmega32

Program:    7568 bytes (23.1% Full)
(.text + .data + .bootloader)

Data:         22 bytes (1.1% Full)
(.data + .bss + .noinit)


Finished building: sizedummy
 
02:48:35 **** Incremental Build of configuration Debug for project on_demand_traffic_lights ****
make all 
Building file: ../application/app.c
Invoking: AVR Compiler
avr-gcc -Wall -g2 -gstabs -O0 -fpack-struct -fshort-enums -ffunction-sections -fdata-sections -std=gnu99 -funsigned-char -funsigned-bitfields -mmcu=atmega32 -DF_CPU=1000000UL -MMD -MP -MF"application/app.d" -MT"application/app.o" -c -o "application/app.o" "../application/app.c"
In file included from ../application/../application/app.h:12,
                 from ../application/app.c:1:
c:/winavr-20100110/lib/gcc/../../avr/include/util/delay.h:90:3: warning: #warning "Compiler optimizations disabled; functions from <util/delay.h> won't work as designed"
Finished building: ../application/app.c
 
Building target: on_demand_traffic_lights.elf
Invoking: AVR C Linker
avr-gcc -Wl,-Map,on_demand_traffic_lights.map -mmcu=atmega32 -o "on_demand_traffic_lights.elf"  ./application/app.o ./application/main.o  ./Utilities/INT0.o  ./MCAL/gpio.o ./MCAL/timer.o  ./HAL/led.o ./HAL/push_button.o   
Finished building target: on_demand_traffic_lights.elf
 
Invoking: AVR Create Extended Listing
avr-objdump -h -S on_demand_traffic_lights.elf  >"on_demand_traffic_lights.lss"
Finished building: on_demand_traffic_lights.lss
 
Create Flash image (ihex format)
avr-objcopy -R .eeprom -R .fuse -R .lock -R .signature -O ihex on_demand_traffic_lights.elf  "on_demand_traffic_lights.hex"
Finished building: on_demand_traffic_lights.hex
 
Invoking: Print Size
avr-size --format=avr --mcu=atmega32 on_demand_traffic_lights.elf
AVR Memory Usage
----------------
Device: atmega32

Program:    7816 bytes (23.9% Full)
(.text + .data + .bootloader)

Data:         22 bytes (1.1% Full)
(.data + .bss + .noinit)


Finished building: sizedummy
 
02:51:52 **** Incremental Build of configuration Debug for project on_demand_traffic_lights ****
make all 
Building file: ../application/app.c
Invoking: AVR Compiler
avr-gcc -Wall -g2 -gstabs -O0 -fpack-struct -fshort-enums -ffunction-sections -fdata-sections -std=gnu99 -funsigned-char -funsigned-bitfields -mmcu=atmega32 -DF_CPU=1000000UL -MMD -MP -MF"application/app.d" -MT"application/app.o" -c -o "application/app.o" "../application/app.c"
In file included from ../application/../application/app.h:12,
                 from ../application/app.c:1:
c:/winavr-20100110/lib/gcc/../../avr/include/util/delay.h:90:3: warning: #warning "Compiler optimizations disabled; functions from <util/delay.h> won't work as designed"
Finished building: ../application/app.c
 
Building target: on_demand_traffic_lights.elf
Invoking: AVR C Linker
avr-gcc -Wl,-Map,on_demand_traffic_lights.map -mmcu=atmega32 -o "on_demand_traffic_lights.elf"  ./application/app.o ./application/main.o  ./Utilities/INT0.o  ./MCAL/gpio.o ./MCAL/timer.o  ./HAL/led.o ./HAL/push_button.o   
Finished building target: on_demand_traffic_lights.elf
 
Invoking: AVR Create Extended Listing
avr-objdump -h -S on_demand_traffic_lights.elf  >"on_demand_traffic_lights.lss"
Finished building: on_demand_traffic_lights.lss
 
Create Flash image (ihex format)
avr-objcopy -R .eeprom -R .fuse -R .lock -R .signature -O ihex on_demand_traffic_lights.elf  "on_demand_traffic_lights.hex"
Finished building: on_demand_traffic_lights.hex
 
Invoking: Print Size
avr-size --format=avr --mcu=atmega32 on_demand_traffic_lights.elf
AVR Memory Usage
----------------
Device: atmega32

Program:    7586 bytes (23.2% Full)
(.text + .data + .bootloader)

Data:         22 bytes (1.1% Full)
(.data + .bss + .noinit)


Finished building: sizedummy
 
02:54:43 **** Incremental Build of configuration Debug for project on_demand_traffic_lights ****
make all 
Building file: ../application/app.c
Invoking: AVR Compiler
avr-gcc -Wall -g2 -gstabs -O0 -fpack-struct -fshort-enums -ffunction-sections -fdata-sections -std=gnu99 -funsigned-char -funsigned-bitfields -mmcu=atmega32 -DF_CPU=1000000UL -MMD -MP -MF"application/app.d" -MT"application/app.o" -c -o "application/app.o" "../application/app.c"
In file included from ../application/../application/app.h:12,
                 from ../application/app.c:1:
c:/winavr-20100110/lib/gcc/../../avr/include/util/delay.h:90:3: warning: #warning "Compiler optimizations disabled; functions from <util/delay.h> won't work as designed"
Finished building: ../application/app.c
 
Building target: on_demand_traffic_lights.elf
Invoking: AVR C Linker
avr-gcc -Wl,-Map,on_demand_traffic_lights.map -mmcu=atmega32 -o "on_demand_traffic_lights.elf"  ./application/app.o ./application/main.o  ./Utilities/INT0.o  ./MCAL/gpio.o ./MCAL/timer.o  ./HAL/led.o ./HAL/push_button.o   
Finished building target: on_demand_traffic_lights.elf
 
Invoking: AVR Create Extended Listing
avr-objdump -h -S on_demand_traffic_lights.elf  >"on_demand_traffic_lights.lss"
Finished building: on_demand_traffic_lights.lss
 
Create Flash image (ihex format)
avr-objcopy -R .eeprom -R .fuse -R .lock -R .signature -O ihex on_demand_traffic_lights.elf  "on_demand_traffic_lights.hex"
Finished building: on_demand_traffic_lights.hex
 
Invoking: Print Size
avr-size --format=avr --mcu=atmega32 on_demand_traffic_lights.elf
AVR Memory Usage
----------------
Device: atmega32

Program:    7586 bytes (23.2% Full)
(.text + .data + .bootloader)

Data:         22 bytes (1.1% Full)
(.data + .bss + .noinit)


Finished building: sizedummy
 
02:55:41 **** Incremental Build of configuration Debug for project on_demand_traffic_lights ****
make all 
Building file: ../application/app.c
Invoking: AVR Compiler
avr-gcc -Wall -g2 -gstabs -O0 -fpack-struct -fshort-enums -ffunction-sections -fdata-sections -std=gnu99 -funsigned-char -funsigned-bitfields -mmcu=atmega32 -DF_CPU=1000000UL -MMD -MP -MF"application/app.d" -MT"application/app.o" -c -o "application/app.o" "../application/app.c"
In file included from ../application/../application/app.h:12,
                 from ../application/app.c:1:
c:/winavr-20100110/lib/gcc/../../avr/include/util/delay.h:90:3: warning: #warning "Compiler optimizations disabled; functions from <util/delay.h> won't work as designed"
Finished building: ../application/app.c
 
Building target: on_demand_traffic_lights.elf
Invoking: AVR C Linker
avr-gcc -Wl,-Map,on_demand_traffic_lights.map -mmcu=atmega32 -o "on_demand_traffic_lights.elf"  ./application/app.o ./application/main.o  ./Utilities/INT0.o  ./MCAL/gpio.o ./MCAL/timer.o  ./HAL/led.o ./HAL/push_button.o   
Finished building target: on_demand_traffic_lights.elf
 
Invoking: AVR Create Extended Listing
avr-objdump -h -S on_demand_traffic_lights.elf  >"on_demand_traffic_lights.lss"
Finished building: on_demand_traffic_lights.lss
 
Create Flash image (ihex format)
avr-objcopy -R .eeprom -R .fuse -R .lock -R .signature -O ihex on_demand_traffic_lights.elf  "on_demand_traffic_lights.hex"
Finished building: on_demand_traffic_lights.hex
 
Invoking: Print Size
avr-size --format=avr --mcu=atmega32 on_demand_traffic_lights.elf
AVR Memory Usage
----------------
Device: atmega32

Program:    7574 bytes (23.1% Full)
(.text + .data + .bootloader)

Data:         22 bytes (1.1% Full)
(.data + .bss + .noinit)


Finished building: sizedummy
 
02:58:09 **** Incremental Build of configuration Debug for project on_demand_traffic_lights ****
make all 
Building file: ../application/app.c
Invoking: AVR Compiler
avr-gcc -Wall -g2 -gstabs -O0 -fpack-struct -fshort-enums -ffunction-sections -fdata-sections -std=gnu99 -funsigned-char -funsigned-bitfields -mmcu=atmega32 -DF_CPU=1000000UL -MMD -MP -MF"application/app.d" -MT"application/app.o" -c -o "application/app.o" "../application/app.c"
In file included from ../application/../application/app.h:12,
                 from ../application/app.c:1:
c:/winavr-20100110/lib/gcc/../../avr/include/util/delay.h:90:3: warning: #warning "Compiler optimizations disabled; functions from <util/delay.h> won't work as designed"
Finished building: ../application/app.c
 
Building target: on_demand_traffic_lights.elf
Invoking: AVR C Linker
avr-gcc -Wl,-Map,on_demand_traffic_lights.map -mmcu=atmega32 -o "on_demand_traffic_lights.elf"  ./application/app.o ./application/main.o  ./Utilities/INT0.o  ./MCAL/gpio.o ./MCAL/timer.o  ./HAL/led.o ./HAL/push_button.o   
Finished building target: on_demand_traffic_lights.elf
 
Invoking: AVR Create Extended Listing
avr-objdump -h -S on_demand_traffic_lights.elf  >"on_demand_traffic_lights.lss"
Finished building: on_demand_traffic_lights.lss
 
Create Flash image (ihex format)
avr-objcopy -R .eeprom -R .fuse -R .lock -R .signature -O ihex on_demand_traffic_lights.elf  "on_demand_traffic_lights.hex"
Finished building: on_demand_traffic_lights.hex
 
Invoking: Print Size
avr-size --format=avr --mcu=atmega32 on_demand_traffic_lights.elf
AVR Memory Usage
----------------
Device: atmega32

Program:    7816 bytes (23.9% Full)
(.text + .data + .bootloader)

Data:         22 bytes (1.1% Full)
(.data + .bss + .noinit)


Finished building: sizedummy
 
02:59:34 **** Incremental Build of configuration Debug for project on_demand_traffic_lights ****
make all 
Building file: ../application/app.c
Invoking: AVR Compiler
avr-gcc -Wall -g2 -gstabs -O0 -fpack-struct -fshort-enums -ffunction-sections -fdata-sections -std=gnu99 -funsigned-char -funsigned-bitfields -mmcu=atmega32 -DF_CPU=1000000UL -MMD -MP -MF"application/app.d" -MT"application/app.o" -c -o "application/app.o" "../application/app.c"
In file included from ../application/../application/app.h:12,
                 from ../application/app.c:1:
c:/winavr-20100110/lib/gcc/../../avr/include/util/delay.h:90:3: warning: #warning "Compiler optimizations disabled; functions from <util/delay.h> won't work as designed"
Finished building: ../application/app.c
 
Building target: on_demand_traffic_lights.elf
Invoking: AVR C Linker
avr-gcc -Wl,-Map,on_demand_traffic_lights.map -mmcu=atmega32 -o "on_demand_traffic_lights.elf"  ./application/app.o ./application/main.o  ./Utilities/INT0.o  ./MCAL/gpio.o ./MCAL/timer.o  ./HAL/led.o ./HAL/push_button.o   
Finished building target: on_demand_traffic_lights.elf
 
Invoking: AVR Create Extended Listing
avr-objdump -h -S on_demand_traffic_lights.elf  >"on_demand_traffic_lights.lss"
Finished building: on_demand_traffic_lights.lss
 
Create Flash image (ihex format)
avr-objcopy -R .eeprom -R .fuse -R .lock -R .signature -O ihex on_demand_traffic_lights.elf  "on_demand_traffic_lights.hex"
Finished building: on_demand_traffic_lights.hex
 
Invoking: Print Size
avr-size --format=avr --mcu=atmega32 on_demand_traffic_lights.elf
AVR Memory Usage
----------------
Device: atmega32

Program:    7816 bytes (23.9% Full)
(.text + .data + .bootloader)

Data:         22 bytes (1.1% Full)
(.data + .bss + .noinit)


Finished building: sizedummy
 
03:06:18 **** Incremental Build of configuration Debug for project on_demand_traffic_lights ****
make all 
Building file: ../application/app.c
Invoking: AVR Compiler
avr-gcc -Wall -g2 -gstabs -O0 -fpack-struct -fshort-enums -ffunction-sections -fdata-sections -std=gnu99 -funsigned-char -funsigned-bitfields -mmcu=atmega32 -DF_CPU=1000000UL -MMD -MP -MF"application/app.d" -MT"application/app.o" -c -o "application/app.o" "../application/app.c"
In file included from ../application/../application/app.h:12,
                 from ../application/app.c:1:
c:/winavr-20100110/lib/gcc/../../avr/include/util/delay.h:90:3: warning: #warning "Compiler optimizations disabled; functions from <util/delay.h> won't work as designed"
In file included from ../application/../application/app.h:18,
                 from ../application/app.c:1:
../application/../application/../HAL/push_button.h:16: error: redeclaration of enumerator 'not_valid'
../application/../application/../HAL/led.h:13: error: previous definition of 'not_valid' was here
../application/../application/../HAL/push_button.h:16: error: redeclaration of enumerator 'valid'
../application/../application/../HAL/led.h:13: error: previous definition of 'valid' was here
../application/../application/../HAL/push_button.h:16: error: conflicting types for 'Error_state'
../application/../application/../HAL/led.h:13: error: previous declaration of 'Error_state' was here
make: *** [application/app.o] Error 1
"make all" terminated with exit code 2. Build might be incomplete.
03:08:28 **** Incremental Build of configuration Debug for project on_demand_traffic_lights ****
make all 
Building file: ../application/app.c
Invoking: AVR Compiler
avr-gcc -Wall -g2 -gstabs -O0 -fpack-struct -fshort-enums -ffunction-sections -fdata-sections -std=gnu99 -funsigned-char -funsigned-bitfields -mmcu=atmega32 -DF_CPU=1000000UL -MMD -MP -MF"application/app.d" -MT"application/app.o" -c -o "application/app.o" "../application/app.c"
In file included from ../application/../application/app.h:12,
                 from ../application/app.c:1:
c:/winavr-20100110/lib/gcc/../../avr/include/util/delay.h:90:3: warning: #warning "Compiler optimizations disabled; functions from <util/delay.h> won't work as designed"
In file included from ../application/../application/app.h:18,
                 from ../application/app.c:1:
../application/../application/../HAL/push_button.h:16: error: redeclaration of enumerator 'not_valid'
../application/../application/../HAL/led.h:13: error: previous definition of 'not_valid' was here
../application/../application/../HAL/push_button.h:16: error: redeclaration of enumerator 'valid'
../application/../application/../HAL/led.h:13: error: previous definition of 'valid' was here
make: *** [application/app.o] Error 1
"make all" terminated with exit code 2. Build might be incomplete.
03:09:18 **** Incremental Build of configuration Debug for project on_demand_traffic_lights ****
make all 
Building file: ../application/app.c
Invoking: AVR Compiler
avr-gcc -Wall -g2 -gstabs -O0 -fpack-struct -fshort-enums -ffunction-sections -fdata-sections -std=gnu99 -funsigned-char -funsigned-bitfields -mmcu=atmega32 -DF_CPU=1000000UL -MMD -MP -MF"application/app.d" -MT"application/app.o" -c -o "application/app.o" "../application/app.c"
In file included from ../application/../application/app.h:12,
                 from ../application/app.c:1:
c:/winavr-20100110/lib/gcc/../../avr/include/util/delay.h:90:3: warning: #warning "Compiler optimizations disabled; functions from <util/delay.h> won't work as designed"
Finished building: ../application/app.c
 
Building file: ../application/main.c
Invoking: AVR Compiler
avr-gcc -Wall -g2 -gstabs -O0 -fpack-struct -fshort-enums -ffunction-sections -fdata-sections -std=gnu99 -funsigned-char -funsigned-bitfields -mmcu=atmega32 -DF_CPU=1000000UL -MMD -MP -MF"application/main.d" -MT"application/main.o" -c -o "application/main.o" "../application/main.c"
In file included from ../application/../application/app.h:12,
                 from ../application/main.c:1:
c:/winavr-20100110/lib/gcc/../../avr/include/util/delay.h:90:3: warning: #warning "Compiler optimizations disabled; functions from <util/delay.h> won't work as designed"
Finished building: ../application/main.c
 
Building file: ../HAL/push_button.c
Invoking: AVR Compiler
avr-gcc -Wall -g2 -gstabs -O0 -fpack-struct -fshort-enums -ffunction-sections -fdata-sections -std=gnu99 -funsigned-char -funsigned-bitfields -mmcu=atmega32 -DF_CPU=1000000UL -MMD -MP -MF"HAL/push_button.d" -MT"HAL/push_button.o" -c -o "HAL/push_button.o" "../HAL/push_button.c"
In file included from ../HAL/push_button.c:1:
c:/winavr-20100110/lib/gcc/../../avr/include/util/delay.h:90:3: warning: #warning "Compiler optimizations disabled; functions from <util/delay.h> won't work as designed"
Finished building: ../HAL/push_button.c
 
Building target: on_demand_traffic_lights.elf
Invoking: AVR C Linker
avr-gcc -Wl,-Map,on_demand_traffic_lights.map -mmcu=atmega32 -o "on_demand_traffic_lights.elf"  ./application/app.o ./application/main.o  ./Utilities/INT0.o  ./MCAL/gpio.o ./MCAL/timer.o  ./HAL/led.o ./HAL/push_button.o   
Finished building target: on_demand_traffic_lights.elf
 
Invoking: AVR Create Extended Listing
avr-objdump -h -S on_demand_traffic_lights.elf  >"on_demand_traffic_lights.lss"
Finished building: on_demand_traffic_lights.lss
 
Create Flash image (ihex format)
avr-objcopy -R .eeprom -R .fuse -R .lock -R .signature -O ihex on_demand_traffic_lights.elf  "on_demand_traffic_lights.hex"
Finished building: on_demand_traffic_lights.hex
 
Invoking: Print Size
avr-size --format=avr --mcu=atmega32 on_demand_traffic_lights.elf
AVR Memory Usage
----------------
Device: atmega32

Program:    7816 bytes (23.9% Full)
(.text + .data + .bootloader)

Data:         22 bytes (1.1% Full)
(.data + .bss + .noinit)


Finished building: sizedummy
 
